
Processing C:\Users\eb\src\us3_somo_qt5\extra\windev\qt5\UltraScan.ciq 1/21/2018 11:07:23 AM
Log file: C:\Users\eb\src\us3_somo_qt5\extra\windev\qt5\UltraScan.log 
Generating Sources... 
Compiling Gentee Sources... 
Build setup file: c:\setups\us3somo-3141a8-win64-setup.exe 
Adding temporary file(s) to EXE 
C:\Users\eb\AppData\Local\Temp\gentee00\english.lng 1/21/2018 11:07:25 AM 4014  45.96%
C:\Program Files (x86)\CreateInstall Free\res\logo\default - 1.bmp 11/5/2002 2:52:24 AM 7308  52.55%
C:\Program Files (x86)\CreateInstall Free\res\leftimg\install\install - 1.bmp 11/10/2002 2:56:02 AM 20678  33.44%
C:\dist\LICENSE 11/2/2017 6:29:30 PM 35424  38.91%
C:\Program Files (x86)\CreateInstall Free\res\leftimg\uninstall\uninstall - 1.bmp 11/10/2002 2:56:02 AM 20678  28.19%
Build setup file: C:\Users\eb\AppData\Local\Temp\gentee00\uninstall.exe 
Adding uninstall file(s) to EXE 
Getting list of files 
Packing files... 
================================ 
C:\dist\bin\platforms\qminimal.dll 10/13/2017 1:51:14 AM 223744  44.75%
C:\dist\bin\platforms\qwindows.dll 10/13/2017 1:51:20 AM 788992  34.58%
C:\dist\bin\iftci_linux64 1/18/2018 2:01:36 PM 1365072  41.53%
C:\dist\bin\iftci_osx10.8 1/18/2018 2:01:37 PM 477976  42.99%
C:\dist\bin\iftci_win64.exe 1/18/2018 2:01:37 PM 2540497  31.93%
C:\dist\bin\libbz2-1.dll 1/20/2018 9:07:22 AM 74400  45.14%
C:\dist\bin\libfreetype-6.dll 1/20/2018 9:07:22 AM 677139  52.36%
C:\dist\bin\libgcc_s_seh-1.dll 1/20/2018 9:07:22 AM 83150  39.21%
C:\dist\bin\libglib-2.0-0.dll 1/20/2018 9:07:22 AM 1132611  40.90%
C:\dist\bin\libgraphite2.dll 1/20/2018 9:07:22 AM 226591  50.85%
C:\dist\bin\libharfbuzz-0.dll 1/20/2018 9:07:22 AM 646510  43.93%
C:\dist\bin\libiconv-2.dll 1/20/2018 9:07:22 AM 1056753  64.47%
C:\dist\bin\libicudt58.dll 1/20/2018 9:07:23 AM 26230434  34.35%
C:\dist\bin\libicuin58.dll 1/20/2018 9:07:23 AM 2735264  32.44%
C:\dist\bin\libicuuc58.dll 1/20/2018 9:07:23 AM 1796044  35.62%
C:\dist\bin\libintl-8.dll 1/20/2018 9:07:23 AM 133779  46.15%
C:\dist\bin\libpcre-1.dll 1/20/2018 9:07:24 AM 285375  34.71%
C:\dist\bin\libpcre2-16-0.dll 1/20/2018 9:07:24 AM 304319  35.07%
C:\dist\bin\libpng16-16.dll 1/20/2018 9:07:24 AM 231566  48.45%
C:\dist\bin\libstdc++-6.dll 1/20/2018 9:07:24 AM 1432713  29.89%
C:\dist\bin\libus_somo10.dll.a 1/18/2018 6:02:33 PM 4349728  5.78%
C:\dist\bin\libwinpthread-1.dll 1/20/2018 9:07:24 AM 57379  44.31%
C:\dist\bin\Qt5Core.dll 1/20/2018 9:07:21 AM 5043712  45.03%
C:\dist\bin\Qt5Gui.dll 1/20/2018 9:07:21 AM 5381120  40.73%
C:\dist\bin\Qt5Multimedia.dll 1/20/2018 9:07:22 AM 947712  33.38%
C:\dist\bin\Qt5Network.dll 1/20/2018 9:07:22 AM 1542656  38.82%
C:\dist\bin\Qt5PrintSupport.dll 1/20/2018 9:07:22 AM 329216  42.88%
C:\dist\bin\Qt5Svg.dll 1/20/2018 9:07:22 AM 301568  37.20%
C:\dist\bin\Qt5Widgets.dll 1/20/2018 9:07:22 AM 5657600  43.30%
C:\dist\bin\qwt.dll 1/20/2018 9:07:24 AM 1039360  40.37%
C:\dist\bin\rasmol.exe 1/19/2018 10:07:13 AM 1088000  42.35%
C:\dist\bin\rasmol.hlp 1/19/2018 10:07:13 AM 180387  32.82%
C:\dist\bin\us3_config.exe 11/15/2017 8:26:29 AM 118784  39.05%
C:\dist\bin\us3_somo.exe 1/18/2018 6:33:47 PM 104960  22.61%
C:\dist\bin\us_admin.exe 11/15/2017 8:26:24 AM 19968  15.64%
C:\dist\bin\us_somo10.dll 1/18/2018 6:02:44 PM 24813056  58.53%
C:\dist\bin\zlib1.dll 1/20/2018 9:07:24 AM 93830  52.95%
C:\dist\etc\dmd\allatom.par 11/2/2017 6:30:08 PM 38984  16.84%
C:\dist\etc\dmd\bbdep02.May.lib 11/2/2017 6:30:07 PM 50417532  16.16%
C:\dist\etc\dmd\bbdep02.May.PHI-PSI-AA-DIST 11/2/2017 6:30:08 PM 518400  12.15%
C:\dist\etc\dmd\bbind02.May.lib 11/2/2017 6:30:08 PM 37164  33.69%
C:\dist\etc\dmd\cedutop.pro 11/2/2017 6:30:07 PM 32263  19.26%
C:\dist\etc\dmd\DMD-MOL-allatom.par 11/2/2017 6:30:07 PM 34417  16.68%
C:\dist\etc\dmd\DMD-MOL-MEDUSA.param 11/2/2017 6:30:07 PM 382995  6.46%
C:\dist\etc\dmd\DMD_NA_allatom.par 11/2/2017 6:30:08 PM 26810  17.98%
C:\dist\etc\dmd\DMD_NA_MEDUSA.param 11/2/2017 6:30:07 PM 54797  22.77%
C:\dist\etc\dmd\medupar.charge 11/2/2017 6:30:07 PM 772  48.83%
C:\dist\etc\dmd\medupar.nonb 11/2/2017 6:30:08 PM 17677  17.37%
C:\dist\etc\dmd\medupar_molecule.nonb 11/2/2017 6:30:08 PM 8070  15.52%
C:\dist\etc\dmd\medutop.pro 11/2/2017 6:30:08 PM 49164  20.90%
C:\dist\etc\dmd\PRO_RNA_MOL.DMDParam 11/2/2017 6:30:08 PM 401537  11.77%
C:\dist\etc\us3_config.iconset\icon_128x128.png 11/2/2017 6:29:42 PM 23744  100.03%
C:\dist\etc\us3_config.iconset\icon_128x128@2x.png 11/2/2017 6:29:42 PM 74593  100.01%
C:\dist\etc\us3_config.iconset\icon_128x128@x2.png 11/2/2017 6:29:42 PM 74593  100.01%
C:\dist\etc\us3_config.iconset\icon_16x16.png 11/2/2017 6:29:42 PM 888  101.01%
C:\dist\etc\us3_config.iconset\icon_16x16@2x.png 11/2/2017 6:29:42 PM 2461  100.36%
C:\dist\etc\us3_config.iconset\icon_16x16@x2.png 11/2/2017 6:29:42 PM 2461  100.36%
C:\dist\etc\us3_config.iconset\icon_256x256.png 11/2/2017 6:29:42 PM 74593  100.01%
C:\dist\etc\us3_config.iconset\icon_256x256@2x.png 11/2/2017 6:29:42 PM 204186  100.00%
C:\dist\etc\us3_config.iconset\icon_256x256@x2.png 11/2/2017 6:29:43 PM 204505  100.00%
C:\dist\etc\us3_config.iconset\icon_2x6x256.png 11/2/2017 6:29:42 PM 74593  100.01%
C:\dist\etc\us3_config.iconset\icon_32x32.png 11/2/2017 6:29:43 PM 2461  100.36%
C:\dist\etc\us3_config.iconset\icon_32x32@2x.png 11/2/2017 6:29:42 PM 7589  100.11%
C:\dist\etc\us3_config.iconset\icon_32x32@x2.png 11/2/2017 6:29:42 PM 7589  100.11%
C:\dist\etc\us3_config.iconset\icon_512x512.png 11/2/2017 6:29:42 PM 202604  100.00%
C:\dist\etc\us3_config.iconset\icon_512x512@2x.png 11/2/2017 6:29:42 PM 665013  100.00%
C:\dist\etc\us3_config.iconset\icon_512x512@x2.png 11/2/2017 6:29:42 PM 669587  100.00%
C:\dist\etc\us3_somo.iconset\icon_128x128.png 11/2/2017 6:30:10 PM 16063  100.05%
C:\dist\etc\us3_somo.iconset\icon_128x128@2x.png 11/2/2017 6:30:10 PM 42381  100.02%
C:\dist\etc\us3_somo.iconset\icon_128x128@x2.png 11/2/2017 6:30:10 PM 42381  100.02%
C:\dist\etc\us3_somo.iconset\icon_16x16.png 11/2/2017 6:30:10 PM 850  101.05%
C:\dist\etc\us3_somo.iconset\icon_16x16@2x.png 11/2/2017 6:30:10 PM 2171  100.41%
C:\dist\etc\us3_somo.iconset\icon_16x16@x2.png 11/2/2017 6:30:10 PM 2171  100.41%
C:\dist\etc\us3_somo.iconset\icon_256x256.png 11/2/2017 6:30:10 PM 42381  100.02%
C:\dist\etc\us3_somo.iconset\icon_256x256@2x.png 11/2/2017 6:30:10 PM 56150  100.01%
C:\dist\etc\us3_somo.iconset\icon_256x256@x2.png 11/2/2017 6:30:10 PM 56150  100.01%
C:\dist\etc\us3_somo.iconset\icon_2x6x256.png 11/2/2017 6:30:10 PM 42381  100.02%
C:\dist\etc\us3_somo.iconset\icon_32x32.png 11/2/2017 6:30:10 PM 2171  100.41%
C:\dist\etc\us3_somo.iconset\icon_32x32@2x.png 11/2/2017 6:30:10 PM 5996  100.15%
C:\dist\etc\us3_somo.iconset\icon_32x32@x2.png 11/2/2017 6:30:10 PM 5996  100.15%
C:\dist\etc\us3_somo.iconset\icon_512x512.png 11/2/2017 6:30:10 PM 56150  100.01%
C:\dist\etc\us3_somo.iconset\icon_512x512@2x.png 11/2/2017 6:30:10 PM 331943  100.00%
C:\dist\etc\us3_somo.iconset\icon_512x512@x2.png 11/2/2017 6:30:10 PM 331943  100.00%
C:\dist\etc\best.radii 11/2/2017 6:29:42 PM 794  37.53%
C:\dist\etc\black-blue.map 11/2/2017 6:30:25 PM 3609  22.77%
C:\dist\etc\black-green.map 11/2/2017 6:30:25 PM 3630  31.07%
C:\dist\etc\black-red.map 11/2/2017 6:29:42 PM 2492  30.53%
C:\dist\etc\black-yellow.map 11/2/2017 6:29:42 PM 3894  21.93%
C:\dist\etc\blue-black.map 11/2/2017 6:30:25 PM 3578  24.31%
C:\dist\etc\cluster.config 11/2/2017 6:30:25 PM 1591  29.28%
C:\dist\etc\color-bw.map 11/2/2017 6:29:42 PM 1092  27.93%
C:\dist\etc\color-white-blue.map 11/2/2017 6:30:25 PM 1047  26.83%
C:\dist\etc\color.map 11/2/2017 6:30:25 PM 1045  24.01%
C:\dist\etc\cyan-purple-red-black.map 11/2/2017 6:30:25 PM 6446  28.83%
C:\dist\etc\flash-combined-no-text.png 11/2/2017 6:29:42 PM 28635  96.92%
C:\dist\etc\green-black.map 11/2/2017 6:30:25 PM 3556  28.88%
C:\dist\etc\makemacicons 11/2/2017 6:29:42 PM 70  95.71%
C:\dist\etc\mw.json 11/2/2017 6:29:42 PM 742  64.01%
C:\dist\etc\rainbow-white.map 11/2/2017 6:30:25 PM 6826  26.01%
C:\dist\etc\red-black.map 11/2/2017 6:29:42 PM 3566  25.43%
C:\dist\etc\somo.atom.new 1/19/2018 11:22:33 AM 15621  15.13%
C:\dist\etc\somo.config.new 1/19/2018 11:22:33 AM 12353  25.06%
C:\dist\etc\somo.cromer68.saxs_atoms 11/2/2017 6:29:42 PM 1468  62.94%
C:\dist\etc\somo.defaults.new 1/19/2018 11:22:33 AM 12340  0.37%
C:\dist\etc\somo.ff 11/2/2017 6:30:25 PM 289631  33.85%
C:\dist\etc\somo.hybrid.new 1/19/2018 11:22:34 AM 1225  36.81%
C:\dist\etc\somo.hydrated_rotamer.new 1/19/2018 11:22:33 AM 637703  18.50%
C:\dist\etc\somo.residue.new 1/19/2018 11:22:34 AM 66546  18.70%
C:\dist\etc\somo.saxs_atoms.new 1/19/2018 11:22:34 AM 5396  49.81%
C:\dist\etc\somo3_config_128x128.ico 11/2/2017 6:30:25 PM 67646  39.88%
C:\dist\etc\somo3_icon_1024x1024.ico 11/2/2017 6:29:42 PM 351607  100.00%
C:\dist\etc\somo3_icon_1024x1024.png 11/2/2017 6:30:25 PM 331943  100.00%
C:\dist\etc\somo3_icon_128x128.ico 11/2/2017 6:29:42 PM 67646  29.25%
C:\dist\etc\somo3_icon_128x128.png 11/2/2017 6:30:25 PM 16063  100.05%
C:\dist\etc\somo3_icon_16x16.ico 11/2/2017 6:29:42 PM 1150  68.43%
C:\dist\etc\somo3_icon_16x16.png 11/2/2017 6:30:25 PM 850  101.05%
C:\dist\etc\somo3_icon_256x256.ico 11/2/2017 6:30:07 PM 43381  100.02%
C:\dist\etc\somo3_icon_256x256.png 11/2/2017 6:30:25 PM 42381  100.02%
C:\dist\etc\somo3_icon_32x32.ico 11/2/2017 6:29:42 PM 4286  51.11%
C:\dist\etc\somo3_icon_32x32.png 11/2/2017 6:30:25 PM 2171  100.41%
C:\dist\etc\somo3_icon_512x512.ico 11/2/2017 6:29:42 PM 60934  100.01%
C:\dist\etc\somo3_icon_512x512.png 11/2/2017 6:30:25 PM 56150  100.01%
C:\dist\etc\somo3_icon_64x64.ico 11/2/2017 6:30:25 PM 16958  39.96%
C:\dist\etc\somo3_icon_64x64.png 11/2/2017 6:30:10 PM 5996  100.15%
C:\dist\etc\ultra.xpm 11/2/2017 6:30:25 PM 2719  38.76%
C:\dist\etc\us3_config.icns 11/2/2017 6:30:25 PM 1554180  94.74%
C:\dist\etc\us3_somo.icns 11/2/2017 6:30:25 PM 789034  81.45%
C:\dist\etc\vcm.json 11/2/2017 6:30:25 PM 21422  39.29%
C:\dist\etc\vdw.json 11/2/2017 6:30:25 PM 102  96.07%
C:\dist\etc\vdwf.json 1/18/2018 5:37:57 PM 67958  22.71%
C:\dist\etc\yellow-black.map 11/2/2017 6:29:42 PM 2497  21.58%
C:\dist\somo\demo\1AO6-compl_monA.pdb 11/2/2017 6:31:16 PM 358588  26.82%
C:\dist\somo\demo\1E8L.pdb 11/2/2017 6:31:16 PM 7988868  21.01%
C:\dist\somo\demo\1HEL.pdb 11/2/2017 6:31:16 PM 121014  26.33%
C:\dist\somo\demo\1HEL00.int 11/2/2017 6:31:16 PM 3712  37.50%
C:\dist\somo\demo\1HEL_foxs_saxs.dat 11/2/2017 6:31:16 PM 28183  38.12%
C:\dist\somo\demo\3CRO.pdb 11/2/2017 6:31:16 PM 189216  24.60%
C:\dist\somo\demo\3GUT.pdb 11/2/2017 6:31:16 PM 1765638  26.38%
C:\dist\somo\demo\6LDH1.pdb 11/2/2017 6:31:16 PM 845056  23.59%
C:\dist\somo\demo\6LYZ.pdb 11/2/2017 6:31:16 PM 137943  23.28%
C:\dist\somo\demo\8RAT.pdb 11/2/2017 6:31:16 PM 98253  25.51%
C:\dist\somo\demo\8RATNC.pdb 11/2/2017 6:31:16 PM 98253  0.09%
C:\dist\somo\demo\8RAT_missing_atoms.pdb 11/2/2017 6:31:16 PM 98091  0.08%
C:\dist\somo\demo\lyzexp.dat 11/2/2017 6:31:16 PM 9721  35.02%
C:\dist\somo\demo\lyzexp.out 11/2/2017 6:31:16 PM 42882  14.31%
C:\dist\somo\doc\manual\somo\baseline_best.html 11/2/2017 6:32:37 PM 1598  56.63%
C:\dist\somo\doc\manual\somo\Baseline_blanks_noblanks.png 11/2/2017 6:32:39 PM 10119  100.08%
C:\dist\somo\doc\manual\somo\BlanksLoaded.png 11/2/2017 6:32:36 PM 53147  91.70%
C:\dist\somo\doc\manual\somo\BlanksTransformed.png 11/2/2017 6:32:39 PM 56884  93.98%
C:\dist\somo\doc\manual\somo\copyright.html 11/2/2017 6:32:36 PM 1316  61.39%
C:\dist\somo\doc\manual\somo\cormap.html 1/18/2018 5:38:09 PM 19798  33.84%
C:\dist\somo\doc\manual\somo\CorMapBlanksAlternatePoints.png 11/2/2017 6:32:39 PM 61362  97.36%
C:\dist\somo\doc\manual\somo\CorMapBlanksAlternatePointsHB.png 11/2/2017 6:32:35 PM 39083  93.68%
C:\dist\somo\doc\manual\somo\CorMapBlanksList.png 11/2/2017 6:32:34 PM 5579  92.40%
C:\dist\somo\doc\manual\somo\CorMapBlanksNoAlternatePoints.png 11/2/2017 6:32:34 PM 94452  97.95%
C:\dist\somo\doc\manual\somo\CorMapBlanksNoAlternatePointsHB.png 11/2/2017 6:32:35 PM 43768  93.13%
C:\dist\somo\doc\manual\somo\CorMapSampling.png 11/2/2017 6:32:40 PM 3452  96.17%
C:\dist\somo\doc\manual\somo\CorMapSampling_minq.png 11/2/2017 6:32:35 PM 2113  96.40%
C:\dist\somo\doc\manual\somo\cormap_1.png 11/2/2017 6:32:34 PM 142151  91.83%
C:\dist\somo\doc\manual\somo\cormap_2.png 11/2/2017 6:32:36 PM 24336  89.00%
C:\dist\somo\doc\manual\somo\cormap_3.png 11/2/2017 6:32:38 PM 18251  88.87%
C:\dist\somo\doc\manual\somo\cormap_4.png 11/2/2017 6:32:40 PM 124385  82.99%
C:\dist\somo\doc\manual\somo\cormap_5.png 11/2/2017 6:32:35 PM 181243  79.87%
C:\dist\somo\doc\manual\somo\cormap_5hb.png 11/2/2017 6:32:36 PM 184011  81.45%
C:\dist\somo\doc\manual\somo\cormap_6.png 11/2/2017 6:32:36 PM 169861  85.16%
C:\dist\somo\doc\manual\somo\cormap_7.png 11/2/2017 6:32:38 PM 208660  86.44%
C:\dist\somo\doc\manual\somo\cormap_7hb.png 11/2/2017 6:32:34 PM 198786  84.62%
C:\dist\somo\doc\manual\somo\Debye_eq1.xcf 11/2/2017 6:32:36 PM 18558  36.35%
C:\dist\somo\doc\manual\somo\Debye_eq1a.png 11/2/2017 6:32:37 PM 12470  89.73%
C:\dist\somo\doc\manual\somo\Debye_eq2a.png 11/2/2017 6:32:39 PM 13157  88.50%
C:\dist\somo\doc\manual\somo\EMG.png 11/2/2017 6:32:36 PM 18745  94.36%
C:\dist\somo\doc\manual\somo\EMG_GMG.png 11/2/2017 6:32:34 PM 47329  95.94%
C:\dist\somo\doc\manual\somo\Gauss1.png 11/2/2017 6:32:35 PM 2182  100.41%
C:\dist\somo\doc\manual\somo\Gauss2.png 11/2/2017 6:32:37 PM 3449  100.26%
C:\dist\somo\doc\manual\somo\Gauss3.png 11/2/2017 6:32:39 PM 3345  100.26%
C:\dist\somo\doc\manual\somo\Gauss4.png 11/2/2017 6:32:34 PM 1434  100.62%
C:\dist\somo\doc\manual\somo\Gauss5.png 11/2/2017 6:32:35 PM 4084  100.22%
C:\dist\somo\doc\manual\somo\Gauss6.png 11/2/2017 6:32:37 PM 1664  100.54%
C:\dist\somo\doc\manual\somo\Gauss7.png 11/2/2017 6:32:39 PM 1694  100.53%
C:\dist\somo\doc\manual\somo\Gauss8.png 11/2/2017 6:32:34 PM 1315  100.68%
C:\dist\somo\doc\manual\somo\Gauss9.png 11/2/2017 6:32:35 PM 1007  100.89%
C:\dist\somo\doc\manual\somo\Gauss_ampl.png 11/2/2017 6:32:37 PM 604  101.49%
C:\dist\somo\doc\manual\somo\Gauss_centr.png 11/2/2017 6:32:35 PM 695  101.29%
C:\dist\somo\doc\manual\somo\Gauss_centr1.png 11/2/2017 6:32:36 PM 692  101.30%
C:\dist\somo\doc\manual\somo\Gauss_widths.png 11/2/2017 6:32:39 PM 589  101.52%
C:\dist\somo\doc\manual\somo\Gauss_widths1.png 11/2/2017 6:32:37 PM 575  101.56%
C:\dist\somo\doc\manual\somo\GMG.png 11/2/2017 6:32:34 PM 25513  96.99%
C:\dist\somo\doc\manual\somo\ift_1.png 1/18/2018 5:38:08 PM 153425  90.98%
C:\dist\somo\doc\manual\somo\ift_2.png 1/18/2018 5:38:09 PM 70005  83.51%
C:\dist\somo\doc\manual\somo\ift_choose.png 1/18/2018 5:38:07 PM 11848  96.99%
C:\dist\somo\doc\manual\somo\IFT_I_q_fit_residuals.png 1/18/2018 5:38:08 PM 31594  89.71%
C:\dist\somo\doc\manual\somo\ift_nondilute.png 1/18/2018 5:38:07 PM 83260  49.80%
C:\dist\somo\doc\manual\somo\ift_process.png 1/18/2018 5:38:07 PM 165288  88.87%
C:\dist\somo\doc\manual\somo\ift_process_mw.png 1/18/2018 5:38:07 PM 33679  91.11%
C:\dist\somo\doc\manual\somo\ift_process_text1.png 1/18/2018 5:38:08 PM 173196  86.75%
C:\dist\somo\doc\manual\somo\ift_process_text1_convergence.png 1/18/2018 5:38:08 PM 30247  88.31%
C:\dist\somo\doc\manual\somo\IFT_p_r_NNLS_residuals.png 1/18/2018 5:38:08 PM 32604  88.62%
C:\dist\somo\doc\manual\somo\ift_residuals.png 1/18/2018 5:38:07 PM 28507  86.84%
C:\dist\somo\doc\manual\somo\ift_results.png 1/18/2018 5:38:09 PM 156757  90.56%
C:\dist\somo\doc\manual\somo\IFT_settings.png 1/18/2018 5:38:07 PM 59463  88.14%
C:\dist\somo\doc\manual\somo\IntBasTheoryEq1.png 11/2/2017 6:32:38 PM 180538  2.92%
C:\dist\somo\doc\manual\somo\IntBasTheoryEq2.png 11/2/2017 6:32:40 PM 128860  3.29%
C:\dist\somo\doc\manual\somo\IntBasTheoryLoop1_7.png 11/2/2017 6:32:35 PM 1155850  2.64%
C:\dist\somo\doc\manual\somo\IntegralBaselineBlanksWarning.png 11/2/2017 6:32:40 PM 7984  93.93%
C:\dist\somo\doc\manual\somo\IntegralBaselinePrescription.png 11/2/2017 6:32:38 PM 1948  95.68%
C:\dist\somo\doc\manual\somo\IntegralBaselineTheory.html 1/18/2018 5:38:08 PM 7245  45.41%
C:\dist\somo\doc\manual\somo\IntegralBas_Scaling.png 11/2/2017 6:32:39 PM 425688  100.00%
C:\dist\somo\doc\manual\somo\mainstyle.css 11/2/2017 6:32:36 PM 147  83.67%
C:\dist\somo\doc\manual\somo\mainstyle1.css 11/2/2017 6:32:34 PM 147  18.36%
C:\dist\somo\doc\manual\somo\mainstyle2.css 11/2/2017 6:32:36 PM 147  18.36%
C:\dist\somo\doc\manual\somo\mainstyle3.css 11/2/2017 6:32:38 PM 147  19.04%
C:\dist\somo\doc\manual\somo\saxs_hplc_ciq.html 1/18/2018 5:38:07 PM 7680  46.17%
C:\dist\somo\doc\manual\somo\saxs_hplc_dctr.html 11/2/2017 6:32:34 PM 2274  23.39%
C:\dist\somo\doc\manual\somo\saxs_hplc_Gaussian_theory.html 1/18/2018 5:38:07 PM 5684  28.83%
C:\dist\somo\doc\manual\somo\saxs_hplc_nth.html 11/2/2017 6:32:35 PM 2598  27.75%
C:\dist\somo\doc\manual\somo\saxs_hplc_options.html 11/2/2017 6:32:39 PM 8798  35.06%
C:\dist\somo\doc\manual\somo\saxs_hplc_p3d.html 11/2/2017 6:32:36 PM 1875  19.57%
C:\dist\somo\doc\manual\somo\saxs_ift.html 1/18/2018 5:38:08 PM 12965  31.84%
C:\dist\somo\doc\manual\somo\somo-2.png 11/2/2017 6:32:36 PM 55191  87.61%
C:\dist\somo\doc\manual\somo\somo-Administrator.png 11/2/2017 6:32:34 PM 10565  91.29%
C:\dist\somo\doc\manual\somo\somo-AdvancedConfiguration.png 11/2/2017 6:32:35 PM 21734  88.80%
C:\dist\somo\doc\manual\somo\somo-advanced_cluster_options.png 11/2/2017 6:32:38 PM 54231  82.69%
C:\dist\somo\doc\manual\somo\somo-advanced_conf.png 11/2/2017 6:32:38 PM 28417  89.43%
C:\dist\somo\doc\manual\somo\somo-Anaflex.png 11/2/2017 6:32:40 PM 115931  81.55%
C:\dist\somo\doc\manual\somo\somo-asa1.png 11/2/2017 6:32:38 PM 33830  100.02%
C:\dist\somo\doc\manual\somo\somo-batch.png 1/18/2018 5:38:07 PM 402216  100.00%
C:\dist\somo\doc\manual\somo\somo-batch1.png 11/2/2017 6:32:37 PM 10087  87.30%
C:\dist\somo\doc\manual\somo\somo-batch2.png 11/2/2017 6:32:39 PM 6060  94.37%
C:\dist\somo\doc\manual\somo\somo-batch3a.png 1/18/2018 5:38:08 PM 91754  100.00%
C:\dist\somo\doc\manual\somo\somo-batch4.png 11/2/2017 6:32:35 PM 1910  100.47%
C:\dist\somo\doc\manual\somo\somo-BD_options_notavailable_warning.png 11/2/2017 6:32:38 PM 4440  100.20%
C:\dist\somo\doc\manual\somo\somo-BeadModel_functions_April2015.png 11/2/2017 6:32:37 PM 77114  100.01%
C:\dist\somo\doc\manual\somo\somo-BeadModel_functions_December2017.png 1/18/2018 5:38:08 PM 169074  100.00%
C:\dist\somo\doc\manual\somo\somo-BeadModel_functions_May2014.png 11/2/2017 6:32:34 PM 105149  100.00%
C:\dist\somo\doc\manual\somo\somo-bead_output.png 11/2/2017 6:32:39 PM 26174  95.17%
C:\dist\somo\doc\manual\somo\somo-bottom_bar.png 11/2/2017 6:32:35 PM 14935  100.06%
C:\dist\somo\doc\manual\somo\somo-Browflex.png 11/2/2017 6:32:36 PM 86504  85.36%
C:\dist\somo\doc\manual\somo\somo-cluster1.png 11/2/2017 6:32:37 PM 63638  78.23%
C:\dist\somo\doc\manual\somo\somo-cluster_config.png 11/2/2017 6:32:40 PM 38079  86.31%
C:\dist\somo\doc\manual\somo\somo-cluster_config1.png 11/2/2017 6:32:36 PM 9272  97.27%
C:\dist\somo\doc\manual\somo\somo-cluster_config2.png 11/2/2017 6:32:38 PM 10026  96.63%
C:\dist\somo\doc\manual\somo\somo-cluster_config3.png 11/2/2017 6:32:40 PM 6659  100.13%
C:\dist\somo\doc\manual\somo\somo-cluster_config4.png 11/2/2017 6:32:35 PM 24298  92.30%
C:\dist\somo\doc\manual\somo\somo-cluster_details.png 11/2/2017 6:32:36 PM 25607  87.79%
C:\dist\somo\doc\manual\somo\somo-cluster_extract_results.png 11/2/2017 6:32:36 PM 25584  88.63%
C:\dist\somo\doc\manual\somo\somo-cluster_extract_results1.png 11/2/2017 6:32:35 PM 37468  90.85%
C:\dist\somo\doc\manual\somo\somo-cluster_new.png 11/2/2017 6:32:38 PM 41736  90.88%
C:\dist\somo\doc\manual\somo\somo-cluster_submission.png 11/2/2017 6:32:40 PM 35459  85.94%
C:\dist\somo\doc\manual\somo\somo-cluster_submission1.png 11/2/2017 6:32:38 PM 13815  91.42%
C:\dist\somo\doc\manual\somo\somo-cluster_submission2.png 11/2/2017 6:32:40 PM 12035  88.94%
C:\dist\somo\doc\manual\somo\somo-cluster_submission3.png 11/2/2017 6:32:35 PM 25444  84.66%
C:\dist\somo\doc\manual\somo\somo-cluster_submission4.png 11/2/2017 6:32:37 PM 26325  83.73%
C:\dist\somo\doc\manual\somo\somo-cluster_submission6.png 11/2/2017 6:32:33 PM 33825  87.41%
C:\dist\somo\doc\manual\somo\somo-Config.png 11/2/2017 6:32:37 PM 16541  95.15%
C:\dist\somo\doc\manual\somo\somo-Configuration.png 11/2/2017 6:32:37 PM 27695  94.88%
C:\dist\somo\doc\manual\somo\somo-Dammin_Dammif_bead_model_properties.png 11/2/2017 6:32:37 PM 23419  90.84%
C:\dist\somo\doc\manual\somo\somo-DMD-options.png 11/2/2017 6:32:38 PM 17186  90.96%
C:\dist\somo\doc\manual\somo\somo-DMD_setup.png 11/2/2017 6:32:37 PM 38691  87.07%
C:\dist\somo\doc\manual\somo\somo-grid.png 11/2/2017 6:32:35 PM 31701  93.13%
C:\dist\somo\doc\manual\somo\somo-HPLC-SAXS_2.png 11/2/2017 6:32:36 PM 119019  97.92%
C:\dist\somo\doc\manual\somo\somo-HPLC-SAXS_3.png 11/2/2017 6:32:38 PM 137131  97.78%
C:\dist\somo\doc\manual\somo\somo-HPLC-SAXS_bin.png 11/2/2017 6:32:34 PM 14645  100.06%
C:\dist\somo\doc\manual\somo\somo-HPLC-SAXS_blanks_warning.png 11/2/2017 6:32:38 PM 29270  94.86%
C:\dist\somo\doc\manual\somo\somo-HPLC-SAXS_BSA_I_t.png 11/2/2017 6:32:39 PM 173622  97.84%
C:\dist\somo\doc\manual\somo\somo-HPLC-SAXS_commands1.png 11/2/2017 6:32:36 PM 103643  100.00%
C:\dist\somo\doc\manual\somo\somo-HPLC-SAXS_Conc_chrom.png 11/2/2017 6:32:36 PM 50141  92.78%
C:\dist\somo\doc\manual\somo\somo-HPLC-SAXS_Conc_chrom1.png 11/2/2017 6:32:35 PM 53139  92.25%
C:\dist\somo\doc\manual\somo\somo-HPLC-SAXS_Conc_chrom2.png 11/2/2017 6:32:37 PM 11532  100.07%
C:\dist\somo\doc\manual\somo\somo-HPLC-SAXS_Conc_chrom3.png 11/2/2017 6:32:38 PM 5810  95.35%
C:\dist\somo\doc\manual\somo\somo-HPLC-SAXS_Conc_chrom3a.png 11/2/2017 6:32:39 PM 2127  95.11%
C:\dist\somo\doc\manual\somo\somo-HPLC-SAXS_Conc_chrom4.png 11/2/2017 6:32:40 PM 53600  94.16%
C:\dist\somo\doc\manual\somo\somo-HPLC-SAXS_Conc_chrom5.png 11/2/2017 6:32:35 PM 12718  100.07%
C:\dist\somo\doc\manual\somo\somo-HPLC-SAXS_Conc_chrom5a.png 11/2/2017 6:32:37 PM 2136  100.42%
C:\dist\somo\doc\manual\somo\somo-HPLC-SAXS_Conc_chrom6.png 11/2/2017 6:32:37 PM 52866  93.37%
C:\dist\somo\doc\manual\somo\somo-HPLC-SAXS_Conc_chrom6a.png 11/2/2017 6:32:39 PM 12729  97.18%
C:\dist\somo\doc\manual\somo\somo-HPLC-SAXS_Conc_chrom7.png 11/2/2017 6:32:39 PM 61151  93.79%
C:\dist\somo\doc\manual\somo\somo-HPLC-SAXS_Conc_chrom8.png 11/2/2017 6:32:33 PM 66002  94.38%
C:\dist\somo\doc\manual\somo\somo-HPLC-SAXS_conc_ref.png 11/2/2017 6:32:35 PM 53924  94.57%
C:\dist\somo\doc\manual\somo\somo-HPLC-SAXS_discard_warning.png 11/2/2017 6:32:37 PM 34836  87.64%
C:\dist\somo\doc\manual\somo\somo-HPLC-SAXS_Drop0SD.png 11/2/2017 6:32:40 PM 15456  100.05%
C:\dist\somo\doc\manual\somo\somo-HPLC-SAXS_EMG_option.png 11/2/2017 6:32:39 PM 14857  96.27%
C:\dist\somo\doc\manual\somo\somo-HPLC-SAXS_errors1.png 11/2/2017 6:32:39 PM 58021  94.45%
C:\dist\somo\doc\manual\somo\somo-HPLC-SAXS_errors2.png 11/2/2017 6:32:34 PM 61766  93.66%
C:\dist\somo\doc\manual\somo\somo-HPLC-SAXS_errors3.png 11/2/2017 6:32:35 PM 63508  87.67%
C:\dist\somo\doc\manual\somo\somo-HPLC-SAXS_errors4.png 11/2/2017 6:32:37 PM 62192  93.15%
C:\dist\somo\doc\manual\somo\somo-HPLC-SAXS_errors5.png 11/2/2017 6:32:39 PM 15499  88.91%
C:\dist\somo\doc\manual\somo\somo-HPLC-SAXS_Gauss1.png 11/2/2017 6:32:39 PM 55018  93.88%
C:\dist\somo\doc\manual\somo\somo-HPLC-SAXS_Gauss10.png 11/2/2017 6:32:34 PM 34966  95.36%
C:\dist\somo\doc\manual\somo\somo-HPLC-SAXS_Gauss11.png 11/2/2017 6:32:35 PM 26384  93.38%
C:\dist\somo\doc\manual\somo\somo-HPLC-SAXS_Gauss1a.png 11/2/2017 6:32:36 PM 63480  95.73%
C:\dist\somo\doc\manual\somo\somo-HPLC-SAXS_Gauss1b.png 11/2/2017 6:32:38 PM 62958  91.62%
C:\dist\somo\doc\manual\somo\somo-HPLC-SAXS_Gauss2.png 11/2/2017 6:32:34 PM 65144  95.33%
C:\dist\somo\doc\manual\somo\somo-HPLC-SAXS_Gauss3.png 11/2/2017 6:32:36 PM 116121  97.45%
C:\dist\somo\doc\manual\somo\somo-HPLC-SAXS_Gauss3a.png 11/2/2017 6:32:33 PM 137665  96.89%
C:\dist\somo\doc\manual\somo\somo-HPLC-SAXS_Gauss4.png 11/2/2017 6:32:38 PM 112868  96.65%
C:\dist\somo\doc\manual\somo\somo-HPLC-SAXS_Gauss4b.png 11/2/2017 6:32:38 PM 134411  95.80%
C:\dist\somo\doc\manual\somo\somo-HPLC-SAXS_Gauss4c.png 11/2/2017 6:32:39 PM 34744  93.71%
C:\dist\somo\doc\manual\somo\somo-HPLC-SAXS_Gauss4d.png 11/2/2017 6:32:34 PM 34173  93.56%
C:\dist\somo\doc\manual\somo\somo-HPLC-SAXS_Gauss5.png 11/2/2017 6:32:40 PM 183654  97.90%
C:\dist\somo\doc\manual\somo\somo-HPLC-SAXS_Gauss5a.png 11/2/2017 6:32:38 PM 17466  87.94%
C:\dist\somo\doc\manual\somo\somo-HPLC-SAXS_Gauss6.png 11/2/2017 6:32:34 PM 115492  97.81%
C:\dist\somo\doc\manual\somo\somo-HPLC-SAXS_Gauss7.png 11/2/2017 6:32:36 PM 54269  94.89%
C:\dist\somo\doc\manual\somo\somo-HPLC-SAXS_Gauss8.png 11/2/2017 6:32:38 PM 59161  94.44%
C:\dist\somo\doc\manual\somo\somo-HPLC-SAXS_Gauss8a.png 11/2/2017 6:32:38 PM 54651  92.08%
C:\dist\somo\doc\manual\somo\somo-HPLC-SAXS_Gauss9.png 11/2/2017 6:32:40 PM 59491  94.75%
C:\dist\somo\doc\manual\somo\somo-HPLC-SAXS_GaussFit.png 11/2/2017 6:32:34 PM 15626  100.05%
C:\dist\somo\doc\manual\somo\somo-HPLC-SAXS_GaussFit1.png 11/2/2017 6:32:38 PM 10216  92.95%
C:\dist\somo\doc\manual\somo\somo-HPLC-SAXS_GaussFit2.png 11/2/2017 6:32:40 PM 9602  85.04%
C:\dist\somo\doc\manual\somo\somo-HPLC-SAXS_GaussSelect.png 11/2/2017 6:32:40 PM 32206  96.36%
C:\dist\somo\doc\manual\somo\somo-HPLC-SAXS_Gauss_3D_selector.png 11/2/2017 6:32:36 PM 11730  100.07%
C:\dist\somo\doc\manual\somo\somo-HPLC-SAXS_Gauss_3D_selector1.png 11/2/2017 6:32:34 PM 11680  100.07%
C:\dist\somo\doc\manual\somo\somo-HPLC-SAXS_Gauss_test_I_q.png 11/2/2017 6:32:34 PM 178088  100.00%
C:\dist\somo\doc\manual\somo\somo-HPLC-SAXS_Gauss_test_I_q1.png 11/2/2017 6:32:39 PM 91913  97.63%
C:\dist\somo\doc\manual\somo\somo-HPLC-SAXS_Gauss_test_I_q2.png 11/2/2017 6:32:34 PM 83442  97.16%
C:\dist\somo\doc\manual\somo\somo-HPLC-SAXS_Gauss_test_I_q3.png 11/2/2017 6:32:35 PM 109220  96.97%
C:\dist\somo\doc\manual\somo\somo-HPLC-SAXS_Gauss_test_I_q4.png 11/2/2017 6:32:37 PM 177276  94.58%
C:\dist\somo\doc\manual\somo\somo-HPLC-SAXS_Gauss_test_I_q5.png 11/2/2017 6:32:39 PM 90003  95.95%
C:\dist\somo\doc\manual\somo\somo-HPLC-SAXS_integral_baseline1a.png 11/2/2017 6:32:38 PM 104210  100.00%
C:\dist\somo\doc\manual\somo\somo-HPLC-SAXS_integral_baseline2a.png 11/2/2017 6:32:40 PM 107861  100.00%
C:\dist\somo\doc\manual\somo\somo-HPLC-SAXS_integral_baseline3a.png 11/2/2017 6:32:35 PM 97499  100.00%
C:\dist\somo\doc\manual\somo\somo-HPLC-SAXS_integral_baseline3b.png 11/2/2017 6:32:37 PM 5484  92.26%
C:\dist\somo\doc\manual\somo\somo-HPLC-SAXS_integral_baseline3c.png 11/2/2017 6:32:38 PM 44986  93.60%
C:\dist\somo\doc\manual\somo\somo-HPLC-SAXS_integral_baselines.png 11/2/2017 6:32:36 PM 137396  100.00%
C:\dist\somo\doc\manual\somo\somo-HPLC-SAXS_integral_baselines1.png 11/2/2017 6:32:35 PM 107481  100.00%
C:\dist\somo\doc\manual\somo\somo-HPLC-SAXS_integral_baselines2.png 11/2/2017 6:32:37 PM 71936  97.30%
C:\dist\somo\doc\manual\somo\somo-HPLC-SAXS_integral_baselines_constant_bas_warning.png 11/2/2017 6:32:36 PM 84315  83.97%
C:\dist\somo\doc\manual\somo\somo-HPLC-SAXS_integral_baselines_noblanksCM.png 11/2/2017 6:32:36 PM 92384  97.74%
C:\dist\somo\doc\manual\somo\somo-HPLC-SAXS_integral_baseline_finalset.png 11/2/2017 6:32:34 PM 141840  97.52%
C:\dist\somo\doc\manual\somo\somo-HPLC-SAXS_integral_baseline_HB.png 11/2/2017 6:32:34 PM 34243  94.76%
C:\dist\somo\doc\manual\somo\somo-HPLC-SAXS_integral_baseline_setwindow.png 11/2/2017 6:32:35 PM 10121  97.22%
C:\dist\somo\doc\manual\somo\somo-HPLC-SAXS_integral_baseline_test.png 11/2/2017 6:32:39 PM 27487  94.80%
C:\dist\somo\doc\manual\somo\somo-HPLC-SAXS_I_t.png 11/2/2017 6:32:34 PM 177521  97.56%
C:\dist\somo\doc\manual\somo\somo-HPLC-SAXS_linbas1.png 11/2/2017 6:32:40 PM 40773  92.34%
C:\dist\somo\doc\manual\somo\somo-HPLC-SAXS_linbas2.png 11/2/2017 6:32:35 PM 43749  92.13%
C:\dist\somo\doc\manual\somo\somo-HPLC-SAXS_linbas3.png 11/2/2017 6:32:37 PM 44579  91.05%
C:\dist\somo\doc\manual\somo\somo-HPLC-SAXS_linbas4.png 11/2/2017 6:32:38 PM 56346  94.13%
C:\dist\somo\doc\manual\somo\somo-HPLC-SAXS_linbas5.png 11/2/2017 6:32:40 PM 143677  97.02%
C:\dist\somo\doc\manual\somo\somo-HPLC-SAXS_linear_baseline_warning.png 11/2/2017 6:32:38 PM 14573  96.50%
C:\dist\somo\doc\manual\somo\somo-HPLC-SAXS_Make_Iq.png 1/18/2018 5:38:06 PM 86654  86.27%
C:\dist\somo\doc\manual\somo\somo-HPLC-SAXS_movie_generator.png 11/2/2017 6:32:35 PM 16975  92.26%
C:\dist\somo\doc\manual\somo\somo-HPLC-SAXS_negative_integral_baseline_warning.png 11/2/2017 6:32:39 PM 21388  67.64%
C:\dist\somo\doc\manual\somo\somo-HPLC-SAXS_negative_integral_warning.png 11/2/2017 6:32:37 PM 26008  95.40%
C:\dist\somo\doc\manual\somo\somo-HPLC-SAXS_options.png 11/2/2017 6:32:35 PM 24156  100.03%
C:\dist\somo\doc\manual\somo\somo-HPLC-SAXS_options_RT_warning.png 11/2/2017 6:32:35 PM 4604  95.96%
C:\dist\somo\doc\manual\somo\somo-HPLC-SAXS_panel1.png 11/2/2017 6:32:37 PM 72328  100.01%
C:\dist\somo\doc\manual\somo\somo-HPLC-SAXS_RT_warning1.png 11/2/2017 6:32:36 PM 4453  96.81%
C:\dist\somo\doc\manual\somo\somo-HPLC-SAXS_set_conc_detector.png 11/2/2017 6:32:34 PM 17468  94.92%
C:\dist\somo\doc\manual\somo\somo-HPLC-SAXS_skewedGaussian1.png 11/2/2017 6:32:37 PM 49564  93.63%
C:\dist\somo\doc\manual\somo\somo-HPLC-SAXS_skewedGaussian10.png 11/2/2017 6:32:36 PM 85173  96.86%
C:\dist\somo\doc\manual\somo\somo-HPLC-SAXS_skewedGaussian11.png 11/2/2017 6:32:38 PM 95770  97.35%
C:\dist\somo\doc\manual\somo\somo-HPLC-SAXS_skewedGaussian11a.png 11/2/2017 6:32:40 PM 117004  95.85%
C:\dist\somo\doc\manual\somo\somo-HPLC-SAXS_skewedGaussian11b.png 11/2/2017 6:32:34 PM 44553  95.26%
C:\dist\somo\doc\manual\somo\somo-HPLC-SAXS_skewedGaussian11c.png 11/2/2017 6:32:36 PM 44656  94.61%
C:\dist\somo\doc\manual\somo\somo-HPLC-SAXS_skewedGaussian12.png 11/2/2017 6:32:40 PM 178980  96.95%
C:\dist\somo\doc\manual\somo\somo-HPLC-SAXS_skewedGaussian2.png 11/2/2017 6:32:39 PM 44200  92.27%
C:\dist\somo\doc\manual\somo\somo-HPLC-SAXS_skewedGaussian3.png 11/2/2017 6:32:34 PM 51127  95.08%
C:\dist\somo\doc\manual\somo\somo-HPLC-SAXS_skewedGaussian4.png 11/2/2017 6:32:35 PM 61905  96.73%
C:\dist\somo\doc\manual\somo\somo-HPLC-SAXS_skewedGaussian5.png 11/2/2017 6:32:37 PM 61479  94.40%
C:\dist\somo\doc\manual\somo\somo-HPLC-SAXS_skewedGaussian6a.jpg 11/2/2017 6:32:38 PM 397354  70.92%
C:\dist\somo\doc\manual\somo\somo-HPLC-SAXS_skewedGaussian7.png 11/2/2017 6:32:34 PM 156269  91.02%
C:\dist\somo\doc\manual\somo\somo-HPLC-SAXS_skewedGaussian8.png 11/2/2017 6:32:35 PM 66682  96.80%
C:\dist\somo\doc\manual\somo\somo-HPLC-SAXS_skewedGaussian9.jpg 11/2/2017 6:32:40 PM 416274  66.33%
C:\dist\somo\doc\manual\somo\somo-HPLC-SAXS_skewedGaussian9a.png 11/2/2017 6:32:35 PM 66388  96.05%
C:\dist\somo\doc\manual\somo\somo-HPLC-SAXS_skewedGaussian_adv_sel.png 11/2/2017 6:32:34 PM 31347  95.76%
C:\dist\somo\doc\manual\somo\somo-HPLC-SAXS_smoothing.png 11/2/2017 6:32:35 PM 7690  100.11%
C:\dist\somo\doc\manual\somo\somo-HPLC-SAXS_SVD.png 11/2/2017 6:32:39 PM 129417  96.14%
C:\dist\somo\doc\manual\somo\somo-HPLC-SAXS_SVD1.png 11/2/2017 6:32:39 PM 72465  86.08%
C:\dist\somo\doc\manual\somo\somo-HPLC-SAXS_SVD2.png 11/2/2017 6:32:34 PM 136127  93.77%
C:\dist\somo\doc\manual\somo\somo-HPLC-SAXS_SVD3.png 11/2/2017 6:32:36 PM 28605  97.24%
C:\dist\somo\doc\manual\somo\somo-HPLC-SAXS_SVD4.png 11/2/2017 6:32:38 PM 95449  88.14%
C:\dist\somo\doc\manual\somo\somo-HPLC-SAXS_test_I_q_Guinier.png 11/2/2017 6:32:34 PM 81671  100.01%
C:\dist\somo\doc\manual\somo\somo-HPLC-SAXS_test_I_q_Guinier_adjusted.png 11/2/2017 6:32:40 PM 95012  97.20%
C:\dist\somo\doc\manual\somo\somo-HPLC-SAXS_test_I_q_Guinier_adjusted_scroll.png 11/2/2017 6:32:37 PM 22948  96.40%
C:\dist\somo\doc\manual\somo\somo-HPLC-SAXS_test_I_q_Guinier_MW_plot.png 11/2/2017 6:32:35 PM 32547  97.41%
C:\dist\somo\doc\manual\somo\somo-HPLC-SAXS_test_I_q_Guinier_Rgplot.png 11/2/2017 6:32:39 PM 45207  100.01%
C:\dist\somo\doc\manual\somo\somo-HPLC-SAXS_test_I_q_Guinier_Rgplot_global.png 11/2/2017 6:32:35 PM 66466  94.84%
C:\dist\somo\doc\manual\somo\somo-HPLC-SAXS_test_I_q_Guinier_Rgplot_Scroll.png 11/2/2017 6:32:34 PM 25534  97.67%
C:\dist\somo\doc\manual\somo\somo-HPLC-SAXS_test_I_q_scale.png 11/2/2017 6:32:35 PM 80714  96.44%
C:\dist\somo\doc\manual\somo\somo-HPLC-SAXS_test_I_q_scale1.png 11/2/2017 6:32:35 PM 81592  96.76%
C:\dist\somo\doc\manual\somo\somo-HPLC-SAXS_test_I_q_scale2.png 11/2/2017 6:32:37 PM 29217  93.56%
C:\dist\somo\doc\manual\somo\somo-HPLC-SAXS_test_I_q_scale2a.png 11/2/2017 6:32:39 PM 18314  92.37%
C:\dist\somo\doc\manual\somo\somo-HPLC-SAXS_test_I_q_scale_cormap_0_05.png 11/2/2017 6:32:38 PM 49315  94.48%
C:\dist\somo\doc\manual\somo\somo-HPLC-SAXS_test_I_q_scale_cormap_0_05HB.png 11/2/2017 6:32:40 PM 38406  93.43%
C:\dist\somo\doc\manual\somo\somo-HPLC-SAXS_test_I_q_scale_cormap_0_05HB_nosampl.png 11/2/2017 6:32:40 PM 48915  94.58%
C:\dist\somo\doc\manual\somo\somo-HPLC-SAXS_test_I_q_scale_cormap_full.png 11/2/2017 6:32:36 PM 51546  94.73%
C:\dist\somo\doc\manual\somo\somo-HPLC-SAXS_test_I_q_scale_cormap_fullHB.png 11/2/2017 6:32:37 PM 45272  92.51%
C:\dist\somo\doc\manual\somo\somo-HPLC-SAXS_test_I_q_scale_cormap_fullHB_nosampl.png 11/2/2017 6:32:33 PM 50911  94.75%
C:\dist\somo\doc\manual\somo\somo-HPLC-SAXS_test_I_q_select.png 11/2/2017 6:32:39 PM 136302  97.55%
C:\dist\somo\doc\manual\somo\somo-hybrid.png 11/2/2017 6:32:39 PM 50448  89.19%
C:\dist\somo\doc\manual\somo\somo-hydro.png 11/2/2017 6:32:36 PM 72473  88.63%
C:\dist\somo\doc\manual\somo\somo-Hydrodynamic_calculations_April2015.png 11/2/2017 6:32:38 PM 52870  100.01%
C:\dist\somo\doc\manual\somo\somo-Hydrodynamic_calculations_December2017.png 1/18/2018 5:38:07 PM 118856  100.00%
C:\dist\somo\doc\manual\somo\somo-Hydrodynamic_calculations_May2014.png 11/2/2017 6:32:36 PM 57399  100.01%
C:\dist\somo\doc\manual\somo\somo-misc1.png 11/2/2017 6:32:34 PM 30280  95.82%
C:\dist\somo\doc\manual\somo\somo-Model_Classifier.png 11/2/2017 6:32:36 PM 143433  86.42%
C:\dist\somo\doc\manual\somo\somo-Model_Classifier_csv_process.png 11/2/2017 6:32:36 PM 80818  90.06%
C:\dist\somo\doc\manual\somo\somo-Model_Classifier_csv_process1.png 11/2/2017 6:32:35 PM 378954  77.56%
C:\dist\somo\doc\manual\somo\somo-Model_Classifier_param.png 11/2/2017 6:32:39 PM 44019  84.46%
C:\dist\somo\doc\manual\somo\somo-Model_Classifier_Results.png 11/2/2017 6:32:38 PM 112223  80.08%
C:\dist\somo\doc\manual\somo\somo-overlap-0.png 11/2/2017 6:32:34 PM 47014  88.92%
C:\dist\somo\doc\manual\somo\somo-overlap-1.png 11/2/2017 6:32:35 PM 47258  88.22%
C:\dist\somo\doc\manual\somo\somo-overlap-2.png 11/2/2017 6:32:37 PM 43834  86.57%
C:\dist\somo\doc\manual\somo\somo-overlap-3.png 11/2/2017 6:32:39 PM 46030  85.82%
C:\dist\somo\doc\manual\somo\somo-overlap-4.png 11/2/2017 6:32:34 PM 43653  85.62%
C:\dist\somo\doc\manual\somo\somo-overlap-5.png 11/2/2017 6:32:35 PM 43578  90.73%
C:\dist\somo\doc\manual\somo\somo-overwrite.png 11/2/2017 6:32:34 PM 31816  88.07%
C:\dist\somo\doc\manual\somo\somo-parsing.png 11/2/2017 6:32:38 PM 12904  91.76%
C:\dist\somo\doc\manual\somo\somo-parsing1.png 11/2/2017 6:32:33 PM 15866  85.29%
C:\dist\somo\doc\manual\somo\somo-parsing2.png 11/2/2017 6:32:35 PM 2904  92.52%
C:\dist\somo\doc\manual\somo\somo-parsing3.png 11/2/2017 6:32:37 PM 3260  92.88%
C:\dist\somo\doc\manual\somo\somo-PDB_Editor.png 11/2/2017 6:32:40 PM 92423  97.39%
C:\dist\somo\doc\manual\somo\somo-PDB_Editor1.png 11/2/2017 6:32:38 PM 45745  93.57%
C:\dist\somo\doc\manual\somo\somo-PDB_Editor2a.png 11/2/2017 6:32:40 PM 58083  89.22%
C:\dist\somo\doc\manual\somo\somo-PDB_Functions_December2017.png 1/18/2018 5:38:09 PM 106867  100.00%
C:\dist\somo\doc\manual\somo\somo-PDB_Functions_May2014.png 11/2/2017 6:32:37 PM 74780  100.01%
C:\dist\somo\doc\manual\somo\somo-residue-0.png 11/2/2017 6:32:40 PM 52154  89.27%
C:\dist\somo\doc\manual\somo\somo-residue-1.png 11/2/2017 6:32:34 PM 22427  87.60%
C:\dist\somo\doc\manual\somo\somo-residue-2.png 11/2/2017 6:32:36 PM 76447  84.03%
C:\dist\somo\doc\manual\somo\somo-residue-3.png 11/2/2017 6:32:38 PM 67660  86.12%
C:\dist\somo\doc\manual\somo\somo-residue.png 11/2/2017 6:32:34 PM 173807  86.15%
C:\dist\somo\doc\manual\somo\somo-results.png 11/2/2017 6:32:38 PM 63670  87.41%
C:\dist\somo\doc\manual\somo\somo-SANS_Computation_Options.png 11/2/2017 6:32:37 PM 55105  84.74%
C:\dist\somo\doc\manual\somo\somo-SAS_Bead_Model_Options.png 11/2/2017 6:32:40 PM 17095  93.66%
C:\dist\somo\doc\manual\somo\somo-SAS_Curve_Generation_Options.png 11/2/2017 6:32:39 PM 28196  89.99%
C:\dist\somo\doc\manual\somo\somo-SAS_Err.png 11/2/2017 6:32:38 PM 10873  96.35%
C:\dist\somo\doc\manual\somo\somo-SAS_Guinier_Options.jpg 11/2/2017 6:32:35 PM 120694  67.38%
C:\dist\somo\doc\manual\somo\somo-SAS_Guinier_options_setconc.png 11/2/2017 6:32:35 PM 142243  100.00%
C:\dist\somo\doc\manual\somo\somo-SAS_Miscellaneous_Options.png 11/2/2017 6:32:37 PM 43051  92.38%
C:\dist\somo\doc\manual\somo\somo-SAS_pr_equation.png 11/2/2017 6:32:36 PM 7681  90.97%
C:\dist\somo\doc\manual\somo\somo-SAS_set_grid.png 11/2/2017 6:32:37 PM 11576  100.07%
C:\dist\somo\doc\manual\somo\somo-SAS_set_grid1.png 11/2/2017 6:32:33 PM 14670  97.04%
C:\dist\somo\doc\manual\somo\somo-save.png 11/2/2017 6:32:36 PM 51405  85.38%
C:\dist\somo\doc\manual\somo\somo-saxs_coeff1.png 11/2/2017 6:32:36 PM 53639  82.04%
C:\dist\somo\doc\manual\somo\somo-SAXS_Computation_Options2.png 11/2/2017 6:32:35 PM 43700  86.22%
C:\dist\somo\doc\manual\somo\somo-SAXS_I0_abs_std.png 11/2/2017 6:32:35 PM 1605  100.56%
C:\dist\somo\doc\manual\somo\somo-SAXS_I0_exp_std.png 11/2/2017 6:32:38 PM 1632  100.55%
C:\dist\somo\doc\manual\somo\somo-SAXS_I0_star.png 11/2/2017 6:32:40 PM 948  100.94%
C:\dist\somo\doc\manual\somo\somo-SAXS_norm_eq1.png 11/2/2017 6:32:38 PM 4559  100.19%
C:\dist\somo\doc\manual\somo\somo-SAXS_norm_eq2.png 11/2/2017 6:32:39 PM 6097  97.11%
C:\dist\somo\doc\manual\somo\somo-SAXS_norm_eq2corr.png 11/2/2017 6:32:39 PM 11380  100.07%
C:\dist\somo\doc\manual\somo\somo-SAXS_SANS.png 11/2/2017 6:32:38 PM 49130  95.57%
C:\dist\somo\doc\manual\somo\somo-SAXS_SANS_best_fit.png 11/2/2017 6:32:36 PM 20857  88.15%
C:\dist\somo\doc\manual\somo\somo-SAXS_SANS_best_fit_progwind.png 11/2/2017 6:32:39 PM 28681  95.17%
C:\dist\somo\doc\manual\somo\somo-SAXS_SANS_best_fit_res1.png 11/2/2017 6:32:39 PM 26482  88.90%
C:\dist\somo\doc\manual\somo\somo-SAXS_SANS_best_fit_res2.png 11/2/2017 6:32:34 PM 26979  85.46%
C:\dist\somo\doc\manual\somo\somo-SAXS_SANS_cal_progress.png 11/2/2017 6:32:40 PM 17638  91.60%
C:\dist\somo\doc\manual\somo\somo-SAXS_SANS_cal_progress1.png 11/2/2017 6:32:36 PM 16806  90.71%
C:\dist\somo\doc\manual\somo\somo-SAXS_SANS_comp_Plotted1.png 11/2/2017 6:32:35 PM 16443  87.03%
C:\dist\somo\doc\manual\somo\somo-SAXS_SANS_File_types.png 11/2/2017 6:32:35 PM 17500  92.47%
C:\dist\somo\doc\manual\somo\somo-SAXS_SANS_Guinier_analysis.png 11/2/2017 6:32:37 PM 30685  89.01%
C:\dist\somo\doc\manual\somo\somo-SAXS_SANS_Guinier_analysis_report.png 11/2/2017 6:32:37 PM 11586  92.84%
C:\dist\somo\doc\manual\somo\somo-SAXS_SANS_Iq_panel.png 11/2/2017 6:32:40 PM 28564  94.23%
C:\dist\somo\doc\manual\somo\somo-SAXS_SANS_Iq_panel1.png 11/2/2017 6:32:38 PM 10838  96.00%
C:\dist\somo\doc\manual\somo\somo-SAXS_SANS_Iq_panel_new.png 1/18/2018 5:38:08 PM 32349  93.02%
C:\dist\somo\doc\manual\somo\somo-SAXS_SANS_Kratky.png 11/2/2017 6:32:36 PM 20198  88.01%
C:\dist\somo\doc\manual\somo\somo-SAXS_SANS_Load_CSV1.png 11/2/2017 6:32:36 PM 60298  87.02%
C:\dist\somo\doc\manual\somo\somo-SAXS_SANS_Load_Plotted.png 11/2/2017 6:32:34 PM 36299  90.24%
C:\dist\somo\doc\manual\somo\somo-SAXS_SANS_new.png 1/18/2018 5:38:07 PM 143326  90.36%
C:\dist\somo\doc\manual\somo\somo-SAXS_SANS_NNLS1.png 11/2/2017 6:32:40 PM 134859  82.49%
C:\dist\somo\doc\manual\somo\somo-SAXS_SANS_NNLSresiduals1.png 11/2/2017 6:32:34 PM 29700  89.71%
C:\dist\somo\doc\manual\somo\somo-SAXS_SANS_NNLSresiduals3.png 11/2/2017 6:32:38 PM 27859  83.83%
C:\dist\somo\doc\manual\somo\somo-SAXS_SANS_NNLS_graph.png 11/2/2017 6:32:37 PM 17590  84.79%
C:\dist\somo\doc\manual\somo\somo-SAXS_SANS_NNLS_progwind.png 11/2/2017 6:32:39 PM 15854  95.11%
C:\dist\somo\doc\manual\somo\somo-SAXS_SANS_NNLS_progwind1.png 11/2/2017 6:32:34 PM 20628  87.07%
C:\dist\somo\doc\manual\somo\somo-SAXS_SANS_NNLS_scale.png 11/2/2017 6:32:40 PM 9078  97.76%
C:\dist\somo\doc\manual\somo\somo-SAXS_SANS_Options_summary2.png 11/2/2017 6:32:35 PM 17153  95.98%
C:\dist\somo\doc\manual\somo\somo-SAXS_SANS_overwrite.png 11/2/2017 6:32:37 PM 22167  91.51%
C:\dist\somo\doc\manual\somo\somo-SAXS_SANS_Plotted2.png 11/2/2017 6:32:38 PM 14645  91.02%
C:\dist\somo\doc\manual\somo\somo-SAXS_SANS_Pr.png 11/2/2017 6:32:40 PM 17085  90.68%
C:\dist\somo\doc\manual\somo\somo-SAXS_SANS_Previous_Directories.png 11/2/2017 6:32:36 PM 8630  97.57%
C:\dist\somo\doc\manual\somo\somo-SAXS_SANS_Pr_panel.png 11/2/2017 6:32:36 PM 17157  93.84%
C:\dist\somo\doc\manual\somo\somo-SAXS_SANS_Pr_panel_new.png 1/18/2018 5:38:09 PM 21257  94.26%
C:\dist\somo\doc\manual\somo\somo-SAXS_SANS_Pr_progress.png 11/2/2017 6:32:34 PM 22506  89.78%
C:\dist\somo\doc\manual\somo\somo-SAXS_SANS_Pr_RasMol.png 11/2/2017 6:32:38 PM 36386  96.19%
C:\dist\somo\doc\manual\somo\somo-SAXS_SANS_p_r_Set_MW.png 11/2/2017 6:32:39 PM 18171  92.70%
C:\dist\somo\doc\manual\somo\somo-SAXS_SANS_p_r_store_MW_gnom.png 11/2/2017 6:32:34 PM 10023  96.61%
C:\dist\somo\doc\manual\somo\somo-SAXS_SANS_p_r_store_MW_gnom_overwrite.png 11/2/2017 6:32:36 PM 27864  88.29%
C:\dist\somo\doc\manual\somo\somo-SAXS_SANS_residuals1.png 11/2/2017 6:32:36 PM 23916  91.01%
C:\dist\somo\doc\manual\somo\somo-SAXS_SANS_residuals2.png 11/2/2017 6:32:38 PM 24309  88.79%
C:\dist\somo\doc\manual\somo\somo-SAXS_SANS_residuals3a.png 11/2/2017 6:32:34 PM 25191  87.18%
C:\dist\somo\doc\manual\somo\somo-SAXS_SANS_SAXS_curve.png 11/2/2017 6:32:40 PM 14372  87.14%
C:\dist\somo\doc\manual\somo\somo-SAXS_SANS_SAXS_curve1.png 11/2/2017 6:32:35 PM 14737  84.88%
C:\dist\somo\doc\manual\somo\somo-SAXS_SANS_SAXS_Load_CSV.png 11/2/2017 6:32:34 PM 60396  82.06%
C:\dist\somo\doc\manual\somo\somo-SAXS_SANS_Scaling_curve.png 11/2/2017 6:32:39 PM 8464  91.96%
C:\dist\somo\doc\manual\somo\somo-SAXS_SANS_setgrid.png 11/2/2017 6:32:39 PM 9100  96.47%
C:\dist\somo\doc\manual\somo\somo-SAXS_SANS_setgrid1.png 11/2/2017 6:32:34 PM 11296  95.70%
C:\dist\somo\doc\manual\somo\somo-SAXS_SANS_setgrid2.png 11/2/2017 6:32:36 PM 11143  92.37%
C:\dist\somo\doc\manual\somo\somo-SAXS_Search_control.png 11/2/2017 6:32:39 PM 43286  86.19%
C:\dist\somo\doc\manual\somo\somo-tab1a.png 11/2/2017 6:32:34 PM 4665  96.67%
C:\dist\somo\doc\manual\somo\somo-tab2.png 11/2/2017 6:32:39 PM 9617  93.32%
C:\dist\somo\doc\manual\somo\somo-tab3.png 11/2/2017 6:32:34 PM 2066  100.43%
C:\dist\somo\doc\manual\somo\somo-tab3a.png 11/2/2017 6:32:39 PM 2113  100.42%
C:\dist\somo\doc\manual\somo\somo-tab4b.png 11/2/2017 6:32:36 PM 4740  95.99%
C:\dist\somo\doc\manual\somo\somo-visual.png 11/2/2017 6:32:39 PM 28469  95.95%
C:\dist\somo\doc\manual\somo\somo-warning1.png 11/2/2017 6:32:35 PM 20748  91.51%
C:\dist\somo\doc\manual\somo\somo-warning2.png 11/2/2017 6:32:37 PM 15835  93.09%
C:\dist\somo\doc\manual\somo\somo-warning3.png 11/2/2017 6:32:39 PM 26502  91.78%
C:\dist\somo\doc\manual\somo\somo-warning4.png 11/2/2017 6:32:34 PM 11831  95.35%
C:\dist\somo\doc\manual\somo\somo-Zeno_options.png 11/2/2017 6:32:37 PM 22526  94.31%
C:\dist\somo\doc\manual\somo\somo.html 1/18/2018 5:38:08 PM 45562  34.52%
C:\dist\somo\doc\manual\somo\somo_addatom.html 11/2/2017 6:32:40 PM 4453  25.21%
C:\dist\somo\doc\manual\somo\somo_addhybridization.html 11/2/2017 6:32:38 PM 4766  17.56%
C:\dist\somo\doc\manual\somo\somo_add_saxs.html 11/2/2017 6:32:40 PM 2901  17.13%
C:\dist\somo\doc\manual\somo\somo_advanced_config.html 11/2/2017 6:32:36 PM 3060  22.84%
C:\dist\somo\doc\manual\somo\somo_anaflex_options.html 11/2/2017 6:32:34 PM 1367  10.31%
C:\dist\somo\doc\manual\somo\somo_asa.html 11/2/2017 6:32:36 PM 5448  26.50%
C:\dist\somo\doc\manual\somo\somo_batch.html 1/18/2018 5:38:08 PM 9633  26.89%
C:\dist\somo\doc\manual\somo\somo_bd_options.html 11/2/2017 6:32:39 PM 1353  6.13%
C:\dist\somo\doc\manual\somo\somo_bead_output.html 11/2/2017 6:32:36 PM 3709  26.98%
C:\dist\somo\doc\manual\somo\somo_BEST_Analysis.html 11/2/2017 6:32:40 PM 8180  28.88%
C:\dist\somo\doc\manual\somo\somo_BEST_setup.html 11/2/2017 6:32:37 PM 8499  28.49%
C:\dist\somo\doc\manual\somo\somo_cluster.html 11/2/2017 6:32:39 PM 5458  29.46%
C:\dist\somo\doc\manual\somo\somo_cluster_advanced_options.html 11/2/2017 6:32:35 PM 2953  22.89%
C:\dist\somo\doc\manual\somo\somo_cluster_BEST_analysis.png 11/2/2017 6:32:33 PM 93022  86.82%
C:\dist\somo\doc\manual\somo\somo_cluster_BEST_analysis_eta.png 11/2/2017 6:32:37 PM 89166  87.23%
C:\dist\somo\doc\manual\somo\somo_cluster_BEST_analysis_eta1.png 11/2/2017 6:32:36 PM 100085  88.41%
C:\dist\somo\doc\manual\somo\somo_cluster_BEST_analysis_join.png 11/2/2017 6:32:37 PM 65546  88.27%
C:\dist\somo\doc\manual\somo\somo_cluster_BEST_analysis_join1.png 11/2/2017 6:32:39 PM 47084  82.19%
C:\dist\somo\doc\manual\somo\somo_cluster_BEST_analysis_join2.png 11/2/2017 6:32:33 PM 114881  82.40%
C:\dist\somo\doc\manual\somo\somo_cluster_BEST_setup.png 11/2/2017 6:32:37 PM 77234  92.21%
C:\dist\somo\doc\manual\somo\somo_cluster_config.html 11/2/2017 6:32:38 PM 5131  27.14%
C:\dist\somo\doc\manual\somo\somo_cluster_dmd.html 11/2/2017 6:32:38 PM 6283  30.30%
C:\dist\somo\doc\manual\somo\somo_cluster_other_options.png 11/2/2017 6:32:37 PM 9109  100.09%
C:\dist\somo\doc\manual\somo\somo_cluster_results.html 11/2/2017 6:32:38 PM 2272  50.96%
C:\dist\somo\doc\manual\somo\somo_cluster_status.html 11/2/2017 6:32:36 PM 2680  21.79%
C:\dist\somo\doc\manual\somo\somo_cluster_submit.html 11/2/2017 6:32:34 PM 2439  18.94%
C:\dist\somo\doc\manual\somo\somo_comparative.html 11/2/2017 6:32:37 PM 7974  41.45%
C:\dist\somo\doc\manual\somo\somo_Dammin_Dammif_bead_model_properties.html 11/2/2017 6:32:40 PM 2367  31.26%
C:\dist\somo\doc\manual\somo\somo_dammin_opts.html 11/2/2017 6:32:40 PM 2367  1.60%
C:\dist\somo\doc\manual\somo\somo_dmd_options.html 11/2/2017 6:32:34 PM 1363  14.52%
C:\dist\somo\doc\manual\somo\somo_file.html 11/2/2017 6:32:37 PM 1996  25.35%
C:\dist\somo\doc\manual\somo\somo_grid.html 11/2/2017 6:32:37 PM 4395  35.42%
C:\dist\somo\doc\manual\somo\somo_grid_overlap.html 11/2/2017 6:32:37 PM 9659  28.13%
C:\dist\somo\doc\manual\somo\somo_hydro.html 1/18/2018 5:38:09 PM 9776  32.81%
C:\dist\somo\doc\manual\somo\somo_hydro_zeno.html 1/18/2018 5:38:08 PM 6308  30.78%
C:\dist\somo\doc\manual\somo\somo_icon_128.ico 11/2/2017 6:32:40 PM 66610  23.97%
C:\dist\somo\doc\manual\somo\somo_icon_128.png 11/2/2017 6:32:37 PM 12977  100.06%
C:\dist\somo\doc\manual\somo\somo_icon_32.ico 11/2/2017 6:32:40 PM 4286  48.53%
C:\dist\somo\doc\manual\somo\somo_icon_32.png 11/2/2017 6:32:37 PM 1981  100.45%
C:\dist\somo\doc\manual\somo\somo_icon_64.ico 11/2/2017 6:32:36 PM 16958  35.60%
C:\dist\somo\doc\manual\somo\somo_icon_64.png 11/2/2017 6:32:33 PM 5065  100.17%
C:\dist\somo\doc\manual\somo\somo_misc.html 11/2/2017 6:32:34 PM 10363  43.52%
C:\dist\somo\doc\manual\somo\somo_overlap.html 11/2/2017 6:32:34 PM 9851  31.61%
C:\dist\somo\doc\manual\somo\somo_pdb_editor.html 11/2/2017 6:32:38 PM 7694  33.87%
C:\dist\somo\doc\manual\somo\somo_pdb_editor_cut_splice.png 11/2/2017 6:32:36 PM 19654  93.04%
C:\dist\somo\doc\manual\somo\somo_pdb_editor_cut_splice_2.png 11/2/2017 6:32:35 PM 25579  93.08%
C:\dist\somo\doc\manual\somo\somo_pdb_editor_merge.html 11/2/2017 6:32:36 PM 7853  28.80%
C:\dist\somo\doc\manual\somo\somo_pdb_parsing.html 11/2/2017 6:32:38 PM 13269  25.84%
C:\dist\somo\doc\manual\somo\somo_pdb_visualization.html 11/2/2017 6:32:36 PM 2224  21.80%
C:\dist\somo\doc\manual\somo\somo_residue.html 11/2/2017 6:32:37 PM 17666  33.41%
C:\dist\somo\doc\manual\somo\somo_results.html 11/2/2017 6:32:34 PM 2052  20.32%
C:\dist\somo\doc\manual\somo\somo_SAS_IFT.png 1/18/2018 5:38:07 PM 145483  91.12%
C:\dist\somo\doc\manual\somo\somo_save.html 1/18/2018 5:38:07 PM 5478  24.05%
C:\dist\somo\doc\manual\somo\somo_saxs.html 1/18/2018 5:38:08 PM 29888  30.55%
C:\dist\somo\doc\manual\somo\somo_saxs_buffer.html 11/2/2017 6:32:38 PM 1276  9.87%
C:\dist\somo\doc\manual\somo\somo_saxs_conc.html 11/2/2017 6:32:40 PM 2285  22.93%
C:\dist\somo\doc\manual\somo\somo_saxs_hplc.html 1/18/2018 5:38:07 PM 99221  28.75%
C:\dist\somo\doc\manual\somo\somo_saxs_hplc_fit.html 11/2/2017 6:32:35 PM 4418  26.91%
C:\dist\somo\doc\manual\somo\somo_saxs_hplc_linear_baselines.html 1/18/2018 5:38:09 PM 6562  22.63%
C:\dist\somo\doc\manual\somo\somo_saxs_hplc_movie.html 11/2/2017 6:32:39 PM 3538  22.86%
C:\dist\somo\doc\manual\somo\somo_saxs_hplc_skewedGauss.html 1/18/2018 5:38:08 PM 11187  20.86%
C:\dist\somo\doc\manual\somo\somo_saxs_hplc_svd.html 11/2/2017 6:32:39 PM 10350  28.30%
C:\dist\somo\doc\manual\somo\somo_saxs_iqq_residuals.html 11/2/2017 6:32:34 PM 2604  9.29%
C:\dist\somo\doc\manual\somo\somo_saxs_load_csv.html 11/2/2017 6:32:35 PM 8852  22.16%
C:\dist\somo\doc\manual\somo\somo_saxs_mw.html 1/18/2018 5:38:06 PM 5091  27.28%
C:\dist\somo\doc\manual\somo\somo_saxs_options.html 1/18/2018 5:38:07 PM 27485  27.69%
C:\dist\somo\doc\manual\somo\somo_SAXS_search.html 11/2/2017 6:32:40 PM 5448  26.35%
C:\dist\somo\doc\manual\somo\somo_show_hydro.html 11/2/2017 6:32:37 PM 1744  16.28%
C:\dist\somo\doc\manual\somo\underconstruction.html 11/2/2017 6:32:36 PM 1373  17.40%
C:\dist\somo\doc\manual\somo\underconstruction.png 11/2/2017 6:32:38 PM 34616  100.02%
C:\dist\somo\doc\manual\somo\US-SOMO_mainApril2015.png 11/2/2017 6:32:40 PM 502226  93.02%
C:\dist\somo\doc\manual\somo\US-SOMO_mainDecember2017.png 1/18/2018 5:38:08 PM 290295  100.00%
C:\dist\somo\doc\manual\somo\US-SOMO_mainMay2014.png 11/2/2017 6:32:37 PM 541812  100.00%
C:\dist\somo\doc\manual\somo\USSOMO-banner.png 11/2/2017 6:32:36 PM 38389  100.02%
C:\dist\somo\doc\manual\somo\vbar_symbol.png 11/2/2017 6:32:35 PM 391  102.30%
C:\dist\sounds\somo_done.wav 11/2/2017 6:30:25 PM 56716  60.27%
C:\dist\COPYING 11/2/2017 6:29:42 PM 18007  40.77%
C:\dist\LICENSE 11/2/2017 6:29:30 PM 35424  30.20%
================================ 
All files: 578 [ 183729KB => 74298KB ] 
File Size c:\setups\us3somo-3141a8-win64-setup.exe: 74441 KB 
Finish Successful 1/21/2018 11:12:36 AM